08/15/2023 22:20:44 - WARNING - __main__ -   Process rank: -1, device: cuda:0, n_gpu: 1, distributed training: False, 16-bits training: False
08/15/2023 22:20:44 - INFO - __main__ -   Training/evaluation parameters DRTrainingArguments(
_n_gpu=1,
adafactor=False,
adam_beta1=0.9,
adam_beta2=0.999,
adam_epsilon=1e-08,
auto_find_batch_size=False,
bf16=False,
bf16_full_eval=False,
data_seed=None,
dataloader_drop_last=False,
dataloader_num_workers=0,
dataloader_pin_memory=True,
ddp_bucket_cap_mb=None,
ddp_find_unused_parameters=None,
ddp_timeout=1800,
debug=[],
deepspeed=None,
disable_tqdm=False,
distil_mode=pairwise,
distillation=False,
do_encode=False,
do_eval=True,
do_predict=False,
do_train=True,
eval_accumulation_steps=None,
eval_delay=0,
eval_steps=5000,
evaluation_strategy=steps,
fp16=False,
fp16_backend=auto,
fp16_full_eval=False,
fp16_opt_level=O1,
fsdp=[],
fsdp_min_num_params=0,
fsdp_transformer_layer_cls_to_wrap=None,
full_determinism=False,
gc_p_chunk_size=32,
gc_q_chunk_size=4,
grad_cache=False,
gradient_accumulation_steps=1,
gradient_checkpointing=False,
greater_is_better=None,
group_by_length=False,
half_precision_backend=auto,
hub_model_id=None,
hub_private_repo=False,
hub_strategy=every_save,
hub_token=<HUB_TOKEN>,
ignore_data_skip=False,
include_inputs_for_metrics=False,
jit_mode_eval=False,
label_names=None,
label_smoothing_factor=0.0,
learning_rate=0.0001,
length_column_name=length,
load_best_model_at_end=False,
local_rank=-1,
log_level=-1,
log_level_replica=-1,
log_on_each_node=True,
logging_dir=/data1/meisen/TASTE-main/checkpoint/beauty/name-log,
logging_first_step=False,
logging_nan_inf_filter=True,
logging_steps=500,
logging_strategy=steps,
lr_scheduler_type=linear,
max_grad_norm=1.0,
max_steps=-1,
metric_for_best_model=None,
mp_parameters=,
negatives_x_device=False,
no_cuda=False,
num_train_epochs=30.0,
optim=adamw_hf,
output_dir=/data1/meisen/TASTE-main/checkpoint/beauty/name,
overwrite_output_dir=False,
past_index=-1,
per_device_eval_batch_size=8,
per_device_train_batch_size=8,
prediction_loss_only=False,
push_to_hub=False,
push_to_hub_model_id=None,
push_to_hub_organization=None,
push_to_hub_token=<PUSH_TO_HUB_TOKEN>,
ray_scope=last,
remove_unused_columns=False,
report_to=['tensorboard'],
resume_from_checkpoint=None,
run_name=/data1/meisen/TASTE-main/checkpoint/beauty/name,
save_on_each_node=False,
save_steps=5000,
save_strategy=steps,
save_total_limit=None,
seed=2022,
sharded_ddp=[],
skip_memory_metrics=True,
tf32=None,
torchdynamo=None,
tpu_metrics_debug=False,
tpu_num_cores=None,
use_ipex=False,
use_legacy_prediction_loop=False,
use_mapping_dataset=False,
use_mps_device=False,
warmup_ratio=0.1,
warmup_steps=0,
weight_decay=0.0,
xpu_backend=None,
)
08/15/2023 22:20:44 - INFO - __main__ -   MODEL parameters ModelArguments(model_name_or_path='/data1/meisen/pretrained_model/t5-base', target_model_path=None, config_name=None, tokenizer_name=None, processor_name=None, cache_dir=None, untie_encoder=False, feature='last_hidden_state', pooling='first', add_linear_head=False, projection_in_dim=768, projection_out_dim=768, dtype='float32', encoder_only=False, pos_token=None, neg_token=None, normalize=False, param_efficient_method=None)
/data1/meisen/miniconda3/envs/taste/lib/python3.8/site-packages/transformers/optimization.py:306: FutureWarning: This implementation of AdamW is deprecated and will be removed in a future version. Use the PyTorch implementation torch.optim.AdamW instead, or set `no_deprecation_warning=True` to disable this warning
  warnings.warn(
***** Running training *****
  Num examples = 131413
  Num Epochs = 30
  Instantaneous batch size per device = 8
  Total train batch size (w. parallel, distributed & accumulation) = 8
  Gradient Accumulation steps = 1
  Total optimization steps = 492810